<?xml version="1.0" encoding="UTF-8"?>
<!-- Generated by org.testng.reporters.JUnitReportReporter -->
<testsuite hostname="DESKTOP-GHCRDQQ" failures="0" tests="1" name="com.selenium.testcase.Testcase_Verifywithwrongcreditional_03" time="13.488" errors="0" timestamp="2023-10-04T18:20:03 IST" skipped="0">
  <testcase classname="com.selenium.testcase.Testcase_Verifywithwrongcreditional_03" name="verify_loginNegative" time="13.488"/>
</testsuite> <!-- com.selenium.testcase.Testcase_Verifywithwrongcreditional_03 -->
