<?xml version="1.0" encoding="UTF-8"?>
<!-- Generated by org.testng.reporters.JUnitReportReporter -->
<testsuite hostname="DESKTOP-GHCRDQQ" failures="0" tests="1" name="com.selenium.testcase.Testcase_Verifylogin_02" time="34.039" errors="0" timestamp="2023-10-04T18:20:03 IST" skipped="0">
  <testcase classname="com.selenium.testcase.Testcase_Verifylogin_02" name="verifyLogin" time="34.039"/>
</testsuite> <!-- com.selenium.testcase.Testcase_Verifylogin_02 -->
