<?xml version="1.0" encoding="UTF-8"?>
<!-- Generated by org.testng.reporters.JUnitReportReporter -->
<testsuite hostname="DESKTOP-GHCRDQQ" failures="0" tests="1" name="com.selenium.testcase.Testcase_Verifywithwrongcreditional_02" time="3.607" errors="0" timestamp="2023-03-08T12:44:57 IST" skipped="0">
  <testcase classname="com.selenium.testcase.Testcase_Verifywithwrongcreditional_02" name="verify_loginNegative" time="3.607"/>
  <system-out/>
</testsuite> <!-- com.selenium.testcase.Testcase_Verifywithwrongcreditional_02 -->
