<?xml version="1.0" encoding="UTF-8"?>
<!-- Generated by org.testng.reporters.JUnitReportReporter -->
<testsuite hostname="DESKTOP-GHCRDQQ" failures="0" tests="1" name="com.selenium.testcase.Testcase_Verifyfullcode" time="25.977" errors="0" timestamp="2023-03-11T17:02:33 IST" skipped="0">
  <testcase classname="com.selenium.testcase.Testcase_Verifyfullcode" name="endEndTest" time="25.977"/>
  <system-out/>
</testsuite> <!-- com.selenium.testcase.Testcase_Verifyfullcode -->
