<?xml version="1.0" encoding="UTF-8"?>
<!-- Generated by org.testng.reporters.JUnitReportReporter -->
<testsuite hostname="DESKTOP-GHCRDQQ" failures="0" tests="1" name="com.selenium.testcase.Testcase_verifysingleproduct_05" time="36.926" errors="0" timestamp="2023-03-14T07:49:28 IST" skipped="0">
  <testcase classname="com.selenium.testcase.Testcase_verifysingleproduct_05" name="verifyproducts" time="36.926"/>
  <system-out/>
</testsuite> <!-- com.selenium.testcase.Testcase_verifysingleproduct_05 -->
