<?xml version="1.0" encoding="UTF-8"?>
<!-- Generated by org.testng.reporters.JUnitReportReporter -->
<testsuite hostname="DESKTOP-GHCRDQQ" failures="0" tests="1" name="com.selenium.testcase.Testcase_verifycontactfile_04" time="22.009" errors="0" timestamp="2023-03-14T07:49:28 IST" skipped="0">
  <testcase classname="com.selenium.testcase.Testcase_verifycontactfile_04" name="verify_contact" time="22.009"/>
  <system-out/>
</testsuite> <!-- com.selenium.testcase.Testcase_verifycontactfile_04 -->
